{"E:\\Web\\Shop\\config\\SetUpJest\\mockJest.ts": {"path":"E:\\Web\\Shop\\config\\SetUpJest\\mockJest.ts","statementMap":{"0":{"start":{"line":1,"column":0},"end":{"line":1,"column":33}}},"fnMap":{},"branchMap":{},"s":{"0":1},"f":{},"b":{},"_coverageSchema":"1a1c01bbd47fc00a2c39e90264f33305004495a9","hash":"6c3100464b8eeac117c3d46222209f3129deb33a"}
,"E:\\Web\\Shop\\src\\entities\\Email\\index.ts": {"path":"E:\\Web\\Shop\\src\\entities\\Email\\index.ts","statementMap":{},"fnMap":{},"branchMap":{},"s":{},"f":{},"b":{},"_coverageSchema":"1a1c01bbd47fc00a2c39e90264f33305004495a9","hash":"c9efb384ef8780242c8387f5351901f3c0dc0d4e"}
,"E:\\Web\\Shop\\src\\entities\\Email\\models\\selectors\\getEmail\\getEmail.ts": {"path":"E:\\Web\\Shop\\src\\entities\\Email\\models\\selectors\\getEmail\\getEmail.ts","statementMap":{"0":{"start":{"line":5,"column":24},"end":{"line":5,"column":97}},"1":{"start":{"line":5,"column":78},"end":{"line":5,"column":96}}},"fnMap":{"0":{"name":"(anonymous_0)","decl":{"start":{"line":5,"column":54},"end":{"line":5,"column":55}},"loc":{"start":{"line":5,"column":78},"end":{"line":5,"column":96}},"line":5}},"branchMap":{"0":{"loc":{"start":{"line":5,"column":78},"end":{"line":5,"column":96}},"type":"binary-expr","locations":[{"start":{"line":5,"column":78},"end":{"line":5,"column":90}},{"start":{"line":5,"column":94},"end":{"line":5,"column":96}}],"line":5}},"s":{"0":3,"1":1},"f":{"0":1},"b":{"0":[1,0]},"_coverageSchema":"1a1c01bbd47fc00a2c39e90264f33305004495a9","hash":"fbda792c8c2109eb8c2d1c1a847b8f7cc8f3ae50"}
,"E:\\Web\\Shop\\src\\entities\\Email\\models\\selectors\\getEmailState\\getEmailState.ts": {"path":"E:\\Web\\Shop\\src\\entities\\Email\\models\\selectors\\getEmailState\\getEmailState.ts","statementMap":{"0":{"start":{"line":3,"column":29},"end":{"line":3,"column":65}},"1":{"start":{"line":3,"column":54},"end":{"line":3,"column":65}}},"fnMap":{"0":{"name":"(anonymous_0)","decl":{"start":{"line":3,"column":29},"end":{"line":3,"column":30}},"loc":{"start":{"line":3,"column":54},"end":{"line":3,"column":65}},"line":3}},"branchMap":{},"s":{"0":3,"1":1},"f":{"0":1},"b":{},"_coverageSchema":"1a1c01bbd47fc00a2c39e90264f33305004495a9","hash":"3d3c510bfe10593c4ab0bfd3305dd2bc31c72b66"}
,"E:\\Web\\Shop\\src\\entities\\Email\\models\\slice\\emailSlice.ts": {"path":"E:\\Web\\Shop\\src\\entities\\Email\\models\\slice\\emailSlice.ts","statementMap":{"0":{"start":{"line":4,"column":34},"end":{"line":7,"column":1}},"1":{"start":{"line":9,"column":26},"end":{"line":17,"column":2}},"2":{"start":{"line":14,"column":12},"end":{"line":14,"column":40}},"3":{"start":{"line":19,"column":28},"end":{"line":19,"column":46}},"4":{"start":{"line":20,"column":28},"end":{"line":20,"column":46}}},"fnMap":{"0":{"name":"(anonymous_0)","decl":{"start":{"line":13,"column":8},"end":{"line":13,"column":9}},"loc":{"start":{"line":13,"column":56},"end":{"line":15,"column":9}},"line":13}},"branchMap":{},"s":{"0":3,"1":3,"2":1,"3":3,"4":3},"f":{"0":1},"b":{},"_coverageSchema":"1a1c01bbd47fc00a2c39e90264f33305004495a9","hash":"f9cbb6546dcb5318f226753df7f131e26974e1a5"}
,"E:\\Web\\Shop\\src\\entities\\Password\\index.ts": {"path":"E:\\Web\\Shop\\src\\entities\\Password\\index.ts","statementMap":{},"fnMap":{},"branchMap":{},"s":{},"f":{},"b":{},"_coverageSchema":"1a1c01bbd47fc00a2c39e90264f33305004495a9","hash":"e42ac8226cef6c2d112f8bdadf86eee1526bd204"}
,"E:\\Web\\Shop\\src\\entities\\Password\\models\\selectors\\getPassword\\getPassword.ts": {"path":"E:\\Web\\Shop\\src\\entities\\Password\\models\\selectors\\getPassword\\getPassword.ts","statementMap":{"0":{"start":{"line":5,"column":27},"end":{"line":5,"column":109}},"1":{"start":{"line":5,"column":87},"end":{"line":5,"column":108}}},"fnMap":{"0":{"name":"(anonymous_0)","decl":{"start":{"line":5,"column":60},"end":{"line":5,"column":61}},"loc":{"start":{"line":5,"column":87},"end":{"line":5,"column":108}},"line":5}},"branchMap":{"0":{"loc":{"start":{"line":5,"column":87},"end":{"line":5,"column":108}},"type":"binary-expr","locations":[{"start":{"line":5,"column":87},"end":{"line":5,"column":102}},{"start":{"line":5,"column":106},"end":{"line":5,"column":108}}],"line":5}},"s":{"0":3,"1":1},"f":{"0":1},"b":{"0":[1,0]},"_coverageSchema":"1a1c01bbd47fc00a2c39e90264f33305004495a9","hash":"56e779360ab7147ec96422768c0903d6f81d0d30"}
,"E:\\Web\\Shop\\src\\entities\\Password\\models\\selectors\\getStatePassword\\getStatePassword.ts": {"path":"E:\\Web\\Shop\\src\\entities\\Password\\models\\selectors\\getStatePassword\\getStatePassword.ts","statementMap":{"0":{"start":{"line":4,"column":32},"end":{"line":4,"column":71}},"1":{"start":{"line":4,"column":57},"end":{"line":4,"column":71}}},"fnMap":{"0":{"name":"(anonymous_0)","decl":{"start":{"line":4,"column":32},"end":{"line":4,"column":33}},"loc":{"start":{"line":4,"column":57},"end":{"line":4,"column":71}},"line":4}},"branchMap":{},"s":{"0":3,"1":1},"f":{"0":1},"b":{},"_coverageSchema":"1a1c01bbd47fc00a2c39e90264f33305004495a9","hash":"c3f639169402e3f8333a302fd0b048a62b7d46fa"}
,"E:\\Web\\Shop\\src\\entities\\Password\\models\\slice\\passwordSlice.tsx": {"path":"E:\\Web\\Shop\\src\\entities\\Password\\models\\slice\\passwordSlice.tsx","statementMap":{"0":{"start":{"line":3,"column":37},"end":{"line":5,"column":1}},"1":{"start":{"line":7,"column":29},"end":{"line":15,"column":2}},"2":{"start":{"line":12,"column":12},"end":{"line":12,"column":43}},"3":{"start":{"line":17,"column":31},"end":{"line":17,"column":52}},"4":{"start":{"line":18,"column":31},"end":{"line":18,"column":52}}},"fnMap":{"0":{"name":"(anonymous_0)","decl":{"start":{"line":11,"column":8},"end":{"line":11,"column":9}},"loc":{"start":{"line":11,"column":59},"end":{"line":13,"column":9}},"line":11}},"branchMap":{},"s":{"0":3,"1":3,"2":1,"3":3,"4":3},"f":{"0":1},"b":{},"_coverageSchema":"1a1c01bbd47fc00a2c39e90264f33305004495a9","hash":"0cd7c4d61ae1f32c86b8f0311b77ef05ff031bf5"}
,"E:\\Web\\Shop\\src\\entities\\User\\index.ts": {"path":"E:\\Web\\Shop\\src\\entities\\User\\index.ts","statementMap":{},"fnMap":{},"branchMap":{},"s":{},"f":{},"b":{},"_coverageSchema":"1a1c01bbd47fc00a2c39e90264f33305004495a9","hash":"bc2c5f9044f54feb7b24ad48039e0808fd254d87"}
,"E:\\Web\\Shop\\src\\entities\\User\\models\\slice\\userSlice.ts": {"path":"E:\\Web\\Shop\\src\\entities\\User\\models\\slice\\userSlice.ts","statementMap":{"0":{"start":{"line":4,"column":33},"end":{"line":5,"column":1}},"1":{"start":{"line":7,"column":18},"end":{"line":15,"column":2}},"2":{"start":{"line":12,"column":12},"end":{"line":12,"column":43}},"3":{"start":{"line":17,"column":28},"end":{"line":17,"column":45}},"4":{"start":{"line":18,"column":27},"end":{"line":18,"column":44}}},"fnMap":{"0":{"name":"(anonymous_0)","decl":{"start":{"line":11,"column":8},"end":{"line":11,"column":9}},"loc":{"start":{"line":11,"column":54},"end":{"line":13,"column":9}},"line":11}},"branchMap":{},"s":{"0":2,"1":2,"2":0,"3":2,"4":2},"f":{"0":0},"b":{},"_coverageSchema":"1a1c01bbd47fc00a2c39e90264f33305004495a9","hash":"16a3f8355ceac886ed41fb057981f445de728ae9"}
,"E:\\Web\\Shop\\src\\features\\LanguageSwitcher\\index.ts": {"path":"E:\\Web\\Shop\\src\\features\\LanguageSwitcher\\index.ts","statementMap":{},"fnMap":{},"branchMap":{},"s":{},"f":{},"b":{},"_coverageSchema":"1a1c01bbd47fc00a2c39e90264f33305004495a9","hash":"58f920028b5eb0df606c9bae7bc48099a26cac06"}
,"E:\\Web\\Shop\\src\\features\\LanguageSwitcher\\ui\\LanguageSwitcher.tsx": {"path":"E:\\Web\\Shop\\src\\features\\LanguageSwitcher\\ui\\LanguageSwitcher.tsx","statementMap":{"0":{"start":{"line":6,"column":42},"end":{"line":15,"column":1}},"1":{"start":{"line":7,"column":73},"end":{"line":7,"column":94}},"2":{"start":{"line":8,"column":4},"end":{"line":14,"column":8}},"3":{"start":{"line":11,"column":42},"end":{"line":11,"column":144}},"4":{"start":{"line":11,"column":92},"end":{"line":11,"column":118}}},"fnMap":{"0":{"name":"(anonymous_0)","decl":{"start":{"line":6,"column":42},"end":{"line":6,"column":43}},"loc":{"start":{"line":6,"column":48},"end":{"line":15,"column":1}},"line":6},"1":{"name":"(anonymous_1)","decl":{"start":{"line":11,"column":29},"end":{"line":11,"column":30}},"loc":{"start":{"line":11,"column":42},"end":{"line":11,"column":144}},"line":11},"2":{"name":"(anonymous_2)","decl":{"start":{"line":11,"column":84},"end":{"line":11,"column":85}},"loc":{"start":{"line":11,"column":90},"end":{"line":11,"column":120}},"line":11}},"branchMap":{},"s":{"0":1,"1":3,"2":3,"3":3,"4":0},"f":{"0":3,"1":3,"2":0},"b":{},"_coverageSchema":"1a1c01bbd47fc00a2c39e90264f33305004495a9","hash":"2e20a6a77d29323aef149576fc2769b00b4df685"}
,"E:\\Web\\Shop\\src\\features\\ModelLogin\\index.ts": {"path":"E:\\Web\\Shop\\src\\features\\ModelLogin\\index.ts","statementMap":{},"fnMap":{},"branchMap":{},"s":{},"f":{},"b":{},"_coverageSchema":"1a1c01bbd47fc00a2c39e90264f33305004495a9","hash":"9fa83f497417c968b44a2dd7509997e4c79a2008"}
,"E:\\Web\\Shop\\src\\features\\ModelLogin\\LoginForm\\AsyncLoginForm.tsx": {"path":"E:\\Web\\Shop\\src\\features\\ModelLogin\\LoginForm\\AsyncLoginForm.tsx","statementMap":{"0":{"start":{"line":3,"column":30},"end":{"line":3,"column":81}},"1":{"start":{"line":3,"column":53},"end":{"line":3,"column":80}}},"fnMap":{"0":{"name":"(anonymous_0)","decl":{"start":{"line":3,"column":41},"end":{"line":3,"column":42}},"loc":{"start":{"line":3,"column":53},"end":{"line":3,"column":80}},"line":3}},"branchMap":{},"s":{"0":1,"1":0},"f":{"0":0},"b":{},"_coverageSchema":"1a1c01bbd47fc00a2c39e90264f33305004495a9","hash":"0c819cf33139e2ea8e21fc80ddeb900fe9a47d6d"}
,"E:\\Web\\Shop\\src\\features\\ModelLogin\\ModelWindow\\ModelWindow.tsx": {"path":"E:\\Web\\Shop\\src\\features\\ModelLogin\\ModelWindow\\ModelWindow.tsx","statementMap":{"0":{"start":{"line":13,"column":55},"end":{"line":23,"column":1}},"1":{"start":{"line":14,"column":4},"end":{"line":22,"column":8}}},"fnMap":{"0":{"name":"(anonymous_0)","decl":{"start":{"line":13,"column":55},"end":{"line":13,"column":56}},"loc":{"start":{"line":13,"column":96},"end":{"line":23,"column":1}},"line":13}},"branchMap":{},"s":{"0":1,"1":0},"f":{"0":0},"b":{},"_coverageSchema":"1a1c01bbd47fc00a2c39e90264f33305004495a9","hash":"f033f3f7debf4706b89fb42b95efe4f0d2f9053b"}
,"E:\\Web\\Shop\\src\\features\\ModelLogin\\models\\actions\\authUser.ts": {"path":"E:\\Web\\Shop\\src\\features\\ModelLogin\\models\\actions\\authUser.ts","statementMap":{"0":{"start":{"line":7,"column":24},"end":{"line":15,"column":2}},"1":{"start":{"line":8,"column":4},"end":{"line":14,"column":5}},"2":{"start":{"line":9,"column":21},"end":{"line":9,"column":48}},"3":{"start":{"line":10,"column":8},"end":{"line":10,"column":46}},"4":{"start":{"line":11,"column":8},"end":{"line":11,"column":24}},"5":{"start":{"line":13,"column":8},"end":{"line":13,"column":21}}},"fnMap":{"0":{"name":"(anonymous_0)","decl":{"start":{"line":7,"column":70},"end":{"line":7,"column":71}},"loc":{"start":{"line":7,"column":125},"end":{"line":15,"column":1}},"line":7}},"branchMap":{},"s":{"0":2,"1":1,"2":1,"3":1,"4":1,"5":0},"f":{"0":1},"b":{},"_coverageSchema":"1a1c01bbd47fc00a2c39e90264f33305004495a9","hash":"534f50a7e8b03f59f013f5d74bc15ab5ec0c6199"}
,"E:\\Web\\Shop\\src\\features\\ModelLogin\\models\\slice\\AuthUserSlice.ts": {"path":"E:\\Web\\Shop\\src\\features\\ModelLogin\\models\\slice\\AuthUserSlice.ts","statementMap":{"0":{"start":{"line":5,"column":37},"end":{"line":8,"column":1}},"1":{"start":{"line":10,"column":22},"end":{"line":27,"column":2}},"2":{"start":{"line":16,"column":8},"end":{"line":18,"column":10}},"3":{"start":{"line":17,"column":12},"end":{"line":17,"column":34}},"4":{"start":{"line":19,"column":8},"end":{"line":21,"column":10}},"5":{"start":{"line":20,"column":12},"end":{"line":20,"column":35}},"6":{"start":{"line":22,"column":8},"end":{"line":25,"column":10}},"7":{"start":{"line":23,"column":12},"end":{"line":23,"column":35}},"8":{"start":{"line":24,"column":12},"end":{"line":24,"column":50}},"9":{"start":{"line":29,"column":27},"end":{"line":29,"column":48}}},"fnMap":{"0":{"name":"(anonymous_0)","decl":{"start":{"line":15,"column":19},"end":{"line":15,"column":20}},"loc":{"start":{"line":15,"column":32},"end":{"line":26,"column":5}},"line":15},"1":{"name":"(anonymous_1)","decl":{"start":{"line":16,"column":42},"end":{"line":16,"column":43}},"loc":{"start":{"line":16,"column":53},"end":{"line":18,"column":9}},"line":16},"2":{"name":"(anonymous_2)","decl":{"start":{"line":19,"column":44},"end":{"line":19,"column":45}},"loc":{"start":{"line":19,"column":55},"end":{"line":21,"column":9}},"line":19},"3":{"name":"(anonymous_3)","decl":{"start":{"line":22,"column":43},"end":{"line":22,"column":44}},"loc":{"start":{"line":22,"column":62},"end":{"line":25,"column":9}},"line":22}},"branchMap":{},"s":{"0":1,"1":1,"2":0,"3":0,"4":0,"5":0,"6":0,"7":0,"8":0,"9":1},"f":{"0":0,"1":0,"2":0,"3":0},"b":{},"_coverageSchema":"1a1c01bbd47fc00a2c39e90264f33305004495a9","hash":"6cf128b38d5acc6d1aa8f1939e1c4d489d3ae8e2"}
,"E:\\Web\\Shop\\src\\features\\UndeNavBar\\index.ts": {"path":"E:\\Web\\Shop\\src\\features\\UndeNavBar\\index.ts","statementMap":{},"fnMap":{},"branchMap":{},"s":{},"f":{},"b":{},"_coverageSchema":"1a1c01bbd47fc00a2c39e90264f33305004495a9","hash":"ab80a31c5c0a8fe2eacf21ccbe92a05382f43cc3"}
,"E:\\Web\\Shop\\src\\features\\UndeNavBar\\ui\\UnderNavBar.tsx": {"path":"E:\\Web\\Shop\\src\\features\\UndeNavBar\\ui\\UnderNavBar.tsx","statementMap":{"0":{"start":{"line":10,"column":55},"end":{"line":22,"column":1}},"1":{"start":{"line":11,"column":18},"end":{"line":11,"column":34}},"2":{"start":{"line":12,"column":4},"end":{"line":21,"column":8}}},"fnMap":{"0":{"name":"(anonymous_0)","decl":{"start":{"line":10,"column":55},"end":{"line":10,"column":56}},"loc":{"start":{"line":10,"column":88},"end":{"line":22,"column":1}},"line":10}},"branchMap":{},"s":{"0":1,"1":3,"2":3},"f":{"0":3},"b":{},"_coverageSchema":"1a1c01bbd47fc00a2c39e90264f33305004495a9","hash":"11681b208b69cebf4a44ab94492846976edfcc33"}
,"E:\\Web\\Shop\\src\\share\\libs\\DynamicRedux\\DynamicProvider.tsx": {"path":"E:\\Web\\Shop\\src\\share\\libs\\DynamicRedux\\DynamicProvider.tsx","statementMap":{"0":{"start":{"line":13,"column":63},"end":{"line":29,"column":1}},"1":{"start":{"line":14,"column":18},"end":{"line":14,"column":46}},"2":{"start":{"line":15,"column":4},"end":{"line":25,"column":10}},"3":{"start":{"line":16,"column":8},"end":{"line":18,"column":10}},"4":{"start":{"line":17,"column":12},"end":{"line":17,"column":50}},"5":{"start":{"line":20,"column":8},"end":{"line":24,"column":9}},"6":{"start":{"line":21,"column":12},"end":{"line":23,"column":14}},"7":{"start":{"line":22,"column":16},"end":{"line":22,"column":48}},"8":{"start":{"line":26,"column":4},"end":{"line":28,"column":8}}},"fnMap":{"0":{"name":"(anonymous_0)","decl":{"start":{"line":13,"column":63},"end":{"line":13,"column":64}},"loc":{"start":{"line":13,"column":120},"end":{"line":29,"column":1}},"line":13},"1":{"name":"(anonymous_1)","decl":{"start":{"line":15,"column":14},"end":{"line":15,"column":15}},"loc":{"start":{"line":15,"column":20},"end":{"line":25,"column":5}},"line":15},"2":{"name":"(anonymous_2)","decl":{"start":{"line":16,"column":48},"end":{"line":16,"column":49}},"loc":{"start":{"line":16,"column":97},"end":{"line":18,"column":9}},"line":16},"3":{"name":"(anonymous_3)","decl":{"start":{"line":20,"column":15},"end":{"line":20,"column":16}},"loc":{"start":{"line":20,"column":21},"end":{"line":24,"column":9}},"line":20},"4":{"name":"(anonymous_4)","decl":{"start":{"line":21,"column":49},"end":{"line":21,"column":50}},"loc":{"start":{"line":21,"column":76},"end":{"line":23,"column":13}},"line":21}},"branchMap":{},"s":{"0":1,"1":0,"2":0,"3":0,"4":0,"5":0,"6":0,"7":0,"8":0},"f":{"0":0,"1":0,"2":0,"3":0,"4":0},"b":{},"_coverageSchema":"1a1c01bbd47fc00a2c39e90264f33305004495a9","hash":"c307ac3e5c24883d07cd347730ad6defa90c0555"}
,"E:\\Web\\Shop\\src\\share\\libs\\RouterProvider\\RouterProvider.tsx": {"path":"E:\\Web\\Shop\\src\\share\\libs\\RouterProvider\\RouterProvider.tsx","statementMap":{"0":{"start":{"line":5,"column":30},"end":{"line":14,"column":1}},"1":{"start":{"line":7,"column":4},"end":{"line":13,"column":6}}},"fnMap":{"0":{"name":"(anonymous_0)","decl":{"start":{"line":5,"column":30},"end":{"line":5,"column":31}},"loc":{"start":{"line":5,"column":61},"end":{"line":14,"column":1}},"line":5}},"branchMap":{},"s":{"0":1,"1":2},"f":{"0":2},"b":{},"_coverageSchema":"1a1c01bbd47fc00a2c39e90264f33305004495a9","hash":"f280ef37ca6f6aa2b04ea9c5d14d0cb2565592c3"}
,"E:\\Web\\Shop\\src\\share\\libs\\i18next\\i18n.ts": {"path":"E:\\Web\\Shop\\src\\share\\libs\\i18next\\i18n.ts","statementMap":{"0":{"start":{"line":10,"column":18},"end":{"line":23,"column":1}},"1":{"start":{"line":24,"column":0},"end":{"line":36,"column":6}}},"fnMap":{},"branchMap":{},"s":{"0":1,"1":1},"f":{},"b":{},"_coverageSchema":"1a1c01bbd47fc00a2c39e90264f33305004495a9","hash":"58b2832134f82edce3a0462fa46ff0d66c11ae11"}
,"E:\\Web\\Shop\\src\\share\\libs\\useClassName\\useClassName.tsx": {"path":"E:\\Web\\Shop\\src\\share\\libs\\useClassName\\useClassName.tsx","statementMap":{"0":{"start":{"line":7,"column":28},"end":{"line":13,"column":1}},"1":{"start":{"line":8,"column":4},"end":{"line":12,"column":15}},"2":{"start":{"line":10,"column":52},"end":{"line":10,"column":71}},"3":{"start":{"line":10,"column":90},"end":{"line":10,"column":100}}},"fnMap":{"0":{"name":"(anonymous_0)","decl":{"start":{"line":7,"column":28},"end":{"line":7,"column":29}},"loc":{"start":{"line":7,"column":73},"end":{"line":13,"column":1}},"line":7},"1":{"name":"(anonymous_1)","decl":{"start":{"line":10,"column":39},"end":{"line":10,"column":40}},"loc":{"start":{"line":10,"column":52},"end":{"line":10,"column":71}},"line":10},"2":{"name":"(anonymous_2)","decl":{"start":{"line":10,"column":77},"end":{"line":10,"column":78}},"loc":{"start":{"line":10,"column":90},"end":{"line":10,"column":100}},"line":10}},"branchMap":{},"s":{"0":3,"1":46,"2":8,"3":2},"f":{"0":46,"1":8,"2":2},"b":{},"_coverageSchema":"1a1c01bbd47fc00a2c39e90264f33305004495a9","hash":"504a3f3b031347da3560f08954f2a65504a3d789"}
,"E:\\Web\\Shop\\src\\share\\libs\\useNavBar\\useNavBar.ts": {"path":"E:\\Web\\Shop\\src\\share\\libs\\useNavBar\\useNavBar.ts","statementMap":{"0":{"start":{"line":3,"column":25},"end":{"line":17,"column":1}},"1":{"start":{"line":4,"column":32},"end":{"line":4,"column":56}},"2":{"start":{"line":5,"column":21},"end":{"line":7,"column":5}},"3":{"start":{"line":6,"column":8},"end":{"line":6,"column":23}},"4":{"start":{"line":8,"column":22},"end":{"line":10,"column":5}},"5":{"start":{"line":9,"column":8},"end":{"line":9,"column":24}},"6":{"start":{"line":12,"column":4},"end":{"line":16,"column":5}}},"fnMap":{"0":{"name":"(anonymous_0)","decl":{"start":{"line":3,"column":25},"end":{"line":3,"column":26}},"loc":{"start":{"line":3,"column":31},"end":{"line":17,"column":1}},"line":3},"1":{"name":"(anonymous_1)","decl":{"start":{"line":5,"column":21},"end":{"line":5,"column":22}},"loc":{"start":{"line":5,"column":27},"end":{"line":7,"column":5}},"line":5},"2":{"name":"(anonymous_2)","decl":{"start":{"line":8,"column":22},"end":{"line":8,"column":23}},"loc":{"start":{"line":8,"column":28},"end":{"line":10,"column":5}},"line":8}},"branchMap":{},"s":{"0":1,"1":3,"2":3,"3":0,"4":3,"5":0,"6":3},"f":{"0":3,"1":0,"2":0},"b":{},"_coverageSchema":"1a1c01bbd47fc00a2c39e90264f33305004495a9","hash":"a5352f4a89102cc54faa100545659b2efe47c472"}
,"E:\\Web\\Shop\\src\\share\\libs\\useSwitcherLanguage\\useSwitcherLanguage.ts": {"path":"E:\\Web\\Shop\\src\\share\\libs\\useSwitcherLanguage\\useSwitcherLanguage.ts","statementMap":{"0":{"start":{"line":8,"column":35},"end":{"line":38,"column":1}},"1":{"start":{"line":9,"column":21},"end":{"line":9,"column":37}},"2":{"start":{"line":10,"column":28},"end":{"line":10,"column":89}},"3":{"start":{"line":11,"column":40},"end":{"line":11,"column":84}},"4":{"start":{"line":12,"column":46},"end":{"line":12,"column":70}},"5":{"start":{"line":13,"column":57},"end":{"line":17,"column":5}},"6":{"start":{"line":18,"column":21},"end":{"line":22,"column":20}},"7":{"start":{"line":19,"column":8},"end":{"line":21,"column":9}},"8":{"start":{"line":19,"column":65},"end":{"line":19,"column":90}},"9":{"start":{"line":20,"column":61},"end":{"line":20,"column":86}},"10":{"start":{"line":24,"column":28},"end":{"line":26,"column":5}},"11":{"start":{"line":25,"column":8},"end":{"line":25,"column":51}},"12":{"start":{"line":25,"column":40},"end":{"line":25,"column":50}},"13":{"start":{"line":27,"column":27},"end":{"line":30,"column":5}},"14":{"start":{"line":28,"column":8},"end":{"line":28,"column":31}},"15":{"start":{"line":29,"column":8},"end":{"line":29,"column":37}},"16":{"start":{"line":32,"column":4},"end":{"line":37,"column":5}}},"fnMap":{"0":{"name":"(anonymous_0)","decl":{"start":{"line":8,"column":35},"end":{"line":8,"column":36}},"loc":{"start":{"line":8,"column":41},"end":{"line":38,"column":1}},"line":8},"1":{"name":"(anonymous_1)","decl":{"start":{"line":18,"column":29},"end":{"line":18,"column":30}},"loc":{"start":{"line":18,"column":35},"end":{"line":22,"column":5}},"line":18},"2":{"name":"(anonymous_2)","decl":{"start":{"line":19,"column":52},"end":{"line":19,"column":53}},"loc":{"start":{"line":19,"column":65},"end":{"line":19,"column":90}},"line":19},"3":{"name":"(anonymous_3)","decl":{"start":{"line":20,"column":48},"end":{"line":20,"column":49}},"loc":{"start":{"line":20,"column":61},"end":{"line":20,"column":86}},"line":20},"4":{"name":"(anonymous_4)","decl":{"start":{"line":24,"column":28},"end":{"line":24,"column":29}},"loc":{"start":{"line":24,"column":40},"end":{"line":26,"column":5}},"line":24},"5":{"name":"(anonymous_5)","decl":{"start":{"line":25,"column":25},"end":{"line":25,"column":26}},"loc":{"start":{"line":25,"column":40},"end":{"line":25,"column":50}},"line":25},"6":{"name":"(anonymous_6)","decl":{"start":{"line":27,"column":27},"end":{"line":27,"column":28}},"loc":{"start":{"line":27,"column":66},"end":{"line":30,"column":5}},"line":27}},"branchMap":{"0":{"loc":{"start":{"line":10,"column":28},"end":{"line":10,"column":89}},"type":"binary-expr","locations":[{"start":{"line":10,"column":28},"end":{"line":10,"column":62}},{"start":{"line":10,"column":66},"end":{"line":10,"column":89}}],"line":10}},"s":{"0":1,"1":3,"2":3,"3":3,"4":3,"5":3,"6":3,"7":2,"8":2,"9":2,"10":3,"11":0,"12":0,"13":3,"14":0,"15":0,"16":3},"f":{"0":3,"1":2,"2":2,"3":2,"4":0,"5":0,"6":0},"b":{"0":[3,0]},"_coverageSchema":"1a1c01bbd47fc00a2c39e90264f33305004495a9","hash":"1fce300107e4800f0dab7d50e8427971f4ca0925"}
,"E:\\Web\\Shop\\src\\share\\ui\\ButtonCustom\\index.ts": {"path":"E:\\Web\\Shop\\src\\share\\ui\\ButtonCustom\\index.ts","statementMap":{},"fnMap":{},"branchMap":{},"s":{},"f":{},"b":{},"_coverageSchema":"1a1c01bbd47fc00a2c39e90264f33305004495a9","hash":"5bf650905645020216a707684651cd57c947c5b1"}
,"E:\\Web\\Shop\\src\\share\\ui\\ButtonCustom\\ui\\ButtonCustom.tsx": {"path":"E:\\Web\\Shop\\src\\share\\ui\\ButtonCustom\\ui\\ButtonCustom.tsx","statementMap":{"0":{"start":{"line":16,"column":57},"end":{"line":22,"column":1}},"1":{"start":{"line":17,"column":4},"end":{"line":21,"column":8}}},"fnMap":{"0":{"name":"(anonymous_0)","decl":{"start":{"line":16,"column":57},"end":{"line":16,"column":58}},"loc":{"start":{"line":16,"column":125},"end":{"line":22,"column":1}},"line":16}},"branchMap":{},"s":{"0":2,"1":7},"f":{"0":7},"b":{},"_coverageSchema":"1a1c01bbd47fc00a2c39e90264f33305004495a9","hash":"e6db73c490581848279afce7478c75ef363a281e"}
,"E:\\Web\\Shop\\src\\share\\ui\\LanguageIcon\\ui\\LanguageIcon.tsx": {"path":"E:\\Web\\Shop\\src\\share\\ui\\LanguageIcon\\ui\\LanguageIcon.tsx","statementMap":{"0":{"start":{"line":13,"column":57},"end":{"line":21,"column":1}},"1":{"start":{"line":14,"column":4},"end":{"line":20,"column":5}}},"fnMap":{"0":{"name":"(anonymous_0)","decl":{"start":{"line":13,"column":57},"end":{"line":13,"column":58}},"loc":{"start":{"line":13,"column":124},"end":{"line":21,"column":1}},"line":13}},"branchMap":{},"s":{"0":1,"1":3},"f":{"0":3},"b":{},"_coverageSchema":"1a1c01bbd47fc00a2c39e90264f33305004495a9","hash":"6a407e1a94deedf30b3110234da9163617733511"}
,"E:\\Web\\Shop\\src\\share\\ui\\LinkCustom\\index.ts": {"path":"E:\\Web\\Shop\\src\\share\\ui\\LinkCustom\\index.ts","statementMap":{},"fnMap":{},"branchMap":{},"s":{},"f":{},"b":{},"_coverageSchema":"1a1c01bbd47fc00a2c39e90264f33305004495a9","hash":"33bc7e729b8c2e8149eb5e7d7a8d6163f9e6e54a"}
,"E:\\Web\\Shop\\src\\share\\ui\\LinkCustom\\ui\\LinkCustom.tsx": {"path":"E:\\Web\\Shop\\src\\share\\ui\\LinkCustom\\ui\\LinkCustom.tsx","statementMap":{"0":{"start":{"line":16,"column":53},"end":{"line":23,"column":1}},"1":{"start":{"line":17,"column":4},"end":{"line":22,"column":8}}},"fnMap":{"0":{"name":"(anonymous_0)","decl":{"start":{"line":16,"column":53},"end":{"line":16,"column":54}},"loc":{"start":{"line":16,"column":108},"end":{"line":23,"column":1}},"line":16}},"branchMap":{},"s":{"0":1,"1":30},"f":{"0":30},"b":{},"_coverageSchema":"1a1c01bbd47fc00a2c39e90264f33305004495a9","hash":"6890c3a0b13804b544c2464915f56aeb7dc758b2"}
,"E:\\Web\\Shop\\src\\share\\ui\\Portal\\index.ts": {"path":"E:\\Web\\Shop\\src\\share\\ui\\Portal\\index.ts","statementMap":{},"fnMap":{},"branchMap":{},"s":{},"f":{},"b":{},"_coverageSchema":"1a1c01bbd47fc00a2c39e90264f33305004495a9","hash":"dd8b6219a401748126bd07f771b757a78b946be1"}
,"E:\\Web\\Shop\\src\\share\\ui\\Portal\\ui\\Portal.tsx": {"path":"E:\\Web\\Shop\\src\\share\\ui\\Portal\\ui\\Portal.tsx","statementMap":{"0":{"start":{"line":9,"column":45},"end":{"line":17,"column":1}},"1":{"start":{"line":11,"column":4},"end":{"line":16,"column":8}}},"fnMap":{"0":{"name":"(anonymous_0)","decl":{"start":{"line":9,"column":45},"end":{"line":9,"column":46}},"loc":{"start":{"line":9,"column":101},"end":{"line":17,"column":1}},"line":9}},"branchMap":{"0":{"loc":{"start":{"line":9,"column":58},"end":{"line":9,"column":81}},"type":"default-arg","locations":[{"start":{"line":9,"column":68},"end":{"line":9,"column":81}}],"line":9}},"s":{"0":1,"1":0},"f":{"0":0},"b":{"0":[0]},"_coverageSchema":"1a1c01bbd47fc00a2c39e90264f33305004495a9","hash":"328678a81790d88ae14c2637339863370ffea668"}
,"E:\\Web\\Shop\\src\\widgets\\Modal\\index.ts": {"path":"E:\\Web\\Shop\\src\\widgets\\Modal\\index.ts","statementMap":{},"fnMap":{},"branchMap":{},"s":{},"f":{},"b":{},"_coverageSchema":"1a1c01bbd47fc00a2c39e90264f33305004495a9","hash":"482edb94a9990b958a7be3973bada53cc2bb3c3e"}
,"E:\\Web\\Shop\\src\\widgets\\Modal\\ui\\Modal.tsx": {"path":"E:\\Web\\Shop\\src\\widgets\\Modal\\ui\\Modal.tsx","statementMap":{"0":{"start":{"line":12,"column":24},"end":{"line":12,"column":27}},"1":{"start":{"line":13,"column":43},"end":{"line":51,"column":1}},"2":{"start":{"line":14,"column":38},"end":{"line":14,"column":57}},"3":{"start":{"line":15,"column":28},"end":{"line":15,"column":51}},"4":{"start":{"line":16,"column":20},"end":{"line":16,"column":59}},"5":{"start":{"line":17,"column":20},"end":{"line":25,"column":19}},"6":{"start":{"line":19,"column":8},"end":{"line":19,"column":26}},"7":{"start":{"line":20,"column":8},"end":{"line":23,"column":27}},"8":{"start":{"line":21,"column":12},"end":{"line":21,"column":19}},"9":{"start":{"line":22,"column":12},"end":{"line":22,"column":31}},"10":{"start":{"line":26,"column":42},"end":{"line":29,"column":5}},"11":{"start":{"line":30,"column":4},"end":{"line":32,"column":16}},"12":{"start":{"line":31,"column":8},"end":{"line":31,"column":37}},"13":{"start":{"line":33,"column":4},"end":{"line":37,"column":16}},"14":{"start":{"line":34,"column":8},"end":{"line":36,"column":9}},"15":{"start":{"line":35,"column":12},"end":{"line":35,"column":26}},"16":{"start":{"line":39,"column":4},"end":{"line":41,"column":5}},"17":{"start":{"line":40,"column":8},"end":{"line":40,"column":19}},"18":{"start":{"line":42,"column":4},"end":{"line":50,"column":8}},"19":{"start":{"line":45,"column":39},"end":{"line":45,"column":58}}},"fnMap":{"0":{"name":"(anonymous_0)","decl":{"start":{"line":13,"column":43},"end":{"line":13,"column":44}},"loc":{"start":{"line":13,"column":94},"end":{"line":51,"column":1}},"line":13},"1":{"name":"(anonymous_1)","decl":{"start":{"line":17,"column":32},"end":{"line":17,"column":33}},"loc":{"start":{"line":17,"column":38},"end":{"line":25,"column":5}},"line":17},"2":{"name":"(anonymous_2)","decl":{"start":{"line":20,"column":37},"end":{"line":20,"column":38}},"loc":{"start":{"line":20,"column":43},"end":{"line":23,"column":9}},"line":20},"3":{"name":"(anonymous_3)","decl":{"start":{"line":30,"column":14},"end":{"line":30,"column":15}},"loc":{"start":{"line":30,"column":20},"end":{"line":32,"column":5}},"line":30},"4":{"name":"(anonymous_4)","decl":{"start":{"line":33,"column":14},"end":{"line":33,"column":15}},"loc":{"start":{"line":33,"column":20},"end":{"line":37,"column":5}},"line":33},"5":{"name":"(anonymous_5)","decl":{"start":{"line":45,"column":30},"end":{"line":45,"column":31}},"loc":{"start":{"line":45,"column":37},"end":{"line":45,"column":60}},"line":45}},"branchMap":{"0":{"loc":{"start":{"line":34,"column":8},"end":{"line":36,"column":9}},"type":"if","locations":[{"start":{"line":34,"column":8},"end":{"line":36,"column":9}},{"start":{},"end":{}}],"line":34},"1":{"loc":{"start":{"line":34,"column":12},"end":{"line":34,"column":26}},"type":"binary-expr","locations":[{"start":{"line":34,"column":12},"end":{"line":34,"column":18}},{"start":{"line":34,"column":22},"end":{"line":34,"column":26}}],"line":34},"2":{"loc":{"start":{"line":39,"column":4},"end":{"line":41,"column":5}},"type":"if","locations":[{"start":{"line":39,"column":4},"end":{"line":41,"column":5}},{"start":{},"end":{}}],"line":39},"3":{"loc":{"start":{"line":39,"column":8},"end":{"line":39,"column":20}},"type":"binary-expr","locations":[{"start":{"line":39,"column":8},"end":{"line":39,"column":12}},{"start":{"line":39,"column":16},"end":{"line":39,"column":20}}],"line":39}},"s":{"0":1,"1":1,"2":0,"3":0,"4":0,"5":0,"6":0,"7":0,"8":0,"9":0,"10":0,"11":0,"12":0,"13":0,"14":0,"15":0,"16":0,"17":0,"18":0,"19":0},"f":{"0":0,"1":0,"2":0,"3":0,"4":0,"5":0},"b":{"0":[0,0],"1":[0,0],"2":[0,0],"3":[0,0]},"_coverageSchema":"1a1c01bbd47fc00a2c39e90264f33305004495a9","hash":"db6090afbef73663e62c703a31d86ae78de46e20"}
,"E:\\Web\\Shop\\src\\widgets\\NavBar\\index.ts": {"path":"E:\\Web\\Shop\\src\\widgets\\NavBar\\index.ts","statementMap":{},"fnMap":{},"branchMap":{},"s":{},"f":{},"b":{},"_coverageSchema":"1a1c01bbd47fc00a2c39e90264f33305004495a9","hash":"e502697de3bf6cc247b08812efd23ce152dfd2e1"}
,"E:\\Web\\Shop\\src\\widgets\\NavBar\\ui\\NavBar.tsx": {"path":"E:\\Web\\Shop\\src\\widgets\\NavBar\\ui\\NavBar.tsx","statementMap":{"0":{"start":{"line":17,"column":32},"end":{"line":44,"column":1}},"1":{"start":{"line":18,"column":30},"end":{"line":18,"column":54}},"2":{"start":{"line":19,"column":18},"end":{"line":19,"column":40}},"3":{"start":{"line":20,"column":44},"end":{"line":20,"column":55}},"4":{"start":{"line":22,"column":4},"end":{"line":43,"column":8}},"5":{"start":{"line":27,"column":76},"end":{"line":27,"column":111}},"6":{"start":{"line":27,"column":100},"end":{"line":27,"column":110}}},"fnMap":{"0":{"name":"(anonymous_0)","decl":{"start":{"line":17,"column":32},"end":{"line":17,"column":33}},"loc":{"start":{"line":17,"column":38},"end":{"line":44,"column":1}},"line":17},"1":{"name":"(anonymous_1)","decl":{"start":{"line":27,"column":68},"end":{"line":27,"column":69}},"loc":{"start":{"line":27,"column":74},"end":{"line":27,"column":113}},"line":27},"2":{"name":"(anonymous_2)","decl":{"start":{"line":27,"column":85},"end":{"line":27,"column":86}},"loc":{"start":{"line":27,"column":100},"end":{"line":27,"column":110}},"line":27}},"branchMap":{"0":{"loc":{"start":{"line":41,"column":12},"end":{"line":41,"column":70}},"type":"binary-expr","locations":[{"start":{"line":41,"column":12},"end":{"line":41,"column":18}},{"start":{"line":41,"column":22},"end":{"line":41,"column":70}}],"line":41}},"s":{"0":1,"1":3,"2":3,"3":3,"4":3,"5":1,"6":1},"f":{"0":3,"1":1,"2":1},"b":{"0":[3,0]},"_coverageSchema":"1a1c01bbd47fc00a2c39e90264f33305004495a9","hash":"f958dbfc95745a6c54b98d03775ac83376798523"}
}
