{"E:\\Web\\Solopharma\\config\\SetUpJest\\mockJest.ts": {"path":"E:\\Web\\Solopharma\\config\\SetUpJest\\mockJest.ts","statementMap":{"0":{"start":{"line":1,"column":0},"end":{"line":1,"column":33}}},"fnMap":{},"branchMap":{},"s":{"0":1},"f":{},"b":{},"_coverageSchema":"1a1c01bbd47fc00a2c39e90264f33305004495a9","hash":"0f413a3983521718e7967d76e54257b2af79568e"}
,"E:\\Web\\Solopharma\\src\\features\\LanguageSwitcher\\index.ts": {"path":"E:\\Web\\Solopharma\\src\\features\\LanguageSwitcher\\index.ts","statementMap":{},"fnMap":{},"branchMap":{},"s":{},"f":{},"b":{},"_coverageSchema":"1a1c01bbd47fc00a2c39e90264f33305004495a9","hash":"41315c6821d18b54761f24b5610765a588e1f05a"}
,"E:\\Web\\Solopharma\\src\\features\\LanguageSwitcher\\ui\\LanguageSwitcher.tsx": {"path":"E:\\Web\\Solopharma\\src\\features\\LanguageSwitcher\\ui\\LanguageSwitcher.tsx","statementMap":{"0":{"start":{"line":6,"column":42},"end":{"line":15,"column":1}},"1":{"start":{"line":7,"column":73},"end":{"line":7,"column":94}},"2":{"start":{"line":8,"column":4},"end":{"line":14,"column":8}},"3":{"start":{"line":11,"column":42},"end":{"line":11,"column":144}},"4":{"start":{"line":11,"column":92},"end":{"line":11,"column":118}}},"fnMap":{"0":{"name":"(anonymous_0)","decl":{"start":{"line":6,"column":42},"end":{"line":6,"column":43}},"loc":{"start":{"line":6,"column":48},"end":{"line":15,"column":1}},"line":6},"1":{"name":"(anonymous_1)","decl":{"start":{"line":11,"column":29},"end":{"line":11,"column":30}},"loc":{"start":{"line":11,"column":42},"end":{"line":11,"column":144}},"line":11},"2":{"name":"(anonymous_2)","decl":{"start":{"line":11,"column":84},"end":{"line":11,"column":85}},"loc":{"start":{"line":11,"column":90},"end":{"line":11,"column":120}},"line":11}},"branchMap":{},"s":{"0":1,"1":3,"2":3,"3":3,"4":0},"f":{"0":3,"1":3,"2":0},"b":{},"_coverageSchema":"1a1c01bbd47fc00a2c39e90264f33305004495a9","hash":"09d5245d75588b31baddc99cd25b3b22da73075e"}
,"E:\\Web\\Solopharma\\src\\features\\UndeNavBar\\index.ts": {"path":"E:\\Web\\Solopharma\\src\\features\\UndeNavBar\\index.ts","statementMap":{},"fnMap":{},"branchMap":{},"s":{},"f":{},"b":{},"_coverageSchema":"1a1c01bbd47fc00a2c39e90264f33305004495a9","hash":"268d818d122ec1f2f0ec43ab484e71734292a069"}
,"E:\\Web\\Solopharma\\src\\features\\UndeNavBar\\ui\\UnderNavBar.tsx": {"path":"E:\\Web\\Solopharma\\src\\features\\UndeNavBar\\ui\\UnderNavBar.tsx","statementMap":{"0":{"start":{"line":10,"column":55},"end":{"line":22,"column":1}},"1":{"start":{"line":11,"column":18},"end":{"line":11,"column":34}},"2":{"start":{"line":12,"column":4},"end":{"line":21,"column":8}}},"fnMap":{"0":{"name":"(anonymous_0)","decl":{"start":{"line":10,"column":55},"end":{"line":10,"column":56}},"loc":{"start":{"line":10,"column":88},"end":{"line":22,"column":1}},"line":10}},"branchMap":{},"s":{"0":1,"1":3,"2":3},"f":{"0":3},"b":{},"_coverageSchema":"1a1c01bbd47fc00a2c39e90264f33305004495a9","hash":"6fa50eef0726be217d8cbb6cf9b5f414c4db77b4"}
,"E:\\Web\\Solopharma\\src\\share\\libs\\RouterProvider\\RouterProvider.tsx": {"path":"E:\\Web\\Solopharma\\src\\share\\libs\\RouterProvider\\RouterProvider.tsx","statementMap":{"0":{"start":{"line":5,"column":30},"end":{"line":14,"column":1}},"1":{"start":{"line":7,"column":4},"end":{"line":13,"column":6}}},"fnMap":{"0":{"name":"(anonymous_0)","decl":{"start":{"line":5,"column":30},"end":{"line":5,"column":31}},"loc":{"start":{"line":5,"column":61},"end":{"line":14,"column":1}},"line":5}},"branchMap":{},"s":{"0":1,"1":2},"f":{"0":2},"b":{},"_coverageSchema":"1a1c01bbd47fc00a2c39e90264f33305004495a9","hash":"12fb69b8d277fe585f1adb90da40c74efdf9a224"}
,"E:\\Web\\Solopharma\\src\\share\\libs\\i18next\\i18n.ts": {"path":"E:\\Web\\Solopharma\\src\\share\\libs\\i18next\\i18n.ts","statementMap":{"0":{"start":{"line":7,"column":18},"end":{"line":17,"column":1}},"1":{"start":{"line":18,"column":0},"end":{"line":30,"column":6}}},"fnMap":{},"branchMap":{},"s":{"0":1,"1":1},"f":{},"b":{},"_coverageSchema":"1a1c01bbd47fc00a2c39e90264f33305004495a9","hash":"51476e413bf8219cee08df5f6c13c47d7196bd77"}
,"E:\\Web\\Solopharma\\src\\share\\libs\\useClassName\\useClassName.tsx": {"path":"E:\\Web\\Solopharma\\src\\share\\libs\\useClassName\\useClassName.tsx","statementMap":{"0":{"start":{"line":7,"column":28},"end":{"line":13,"column":1}},"1":{"start":{"line":8,"column":4},"end":{"line":12,"column":15}},"2":{"start":{"line":10,"column":52},"end":{"line":10,"column":71}},"3":{"start":{"line":10,"column":90},"end":{"line":10,"column":100}}},"fnMap":{"0":{"name":"(anonymous_0)","decl":{"start":{"line":7,"column":28},"end":{"line":7,"column":29}},"loc":{"start":{"line":7,"column":73},"end":{"line":13,"column":1}},"line":7},"1":{"name":"(anonymous_1)","decl":{"start":{"line":10,"column":39},"end":{"line":10,"column":40}},"loc":{"start":{"line":10,"column":52},"end":{"line":10,"column":71}},"line":10},"2":{"name":"(anonymous_2)","decl":{"start":{"line":10,"column":77},"end":{"line":10,"column":78}},"loc":{"start":{"line":10,"column":90},"end":{"line":10,"column":100}},"line":10}},"branchMap":{},"s":{"0":3,"1":43,"2":8,"3":2},"f":{"0":43,"1":8,"2":2},"b":{},"_coverageSchema":"1a1c01bbd47fc00a2c39e90264f33305004495a9","hash":"7d14adee5e7b376a7625b19250f1360a5c8774b3"}
,"E:\\Web\\Solopharma\\src\\share\\libs\\useSwitcherLanguage\\useSwitcherLanguage.ts": {"path":"E:\\Web\\Solopharma\\src\\share\\libs\\useSwitcherLanguage\\useSwitcherLanguage.ts","statementMap":{"0":{"start":{"line":8,"column":35},"end":{"line":38,"column":1}},"1":{"start":{"line":9,"column":21},"end":{"line":9,"column":37}},"2":{"start":{"line":10,"column":28},"end":{"line":10,"column":89}},"3":{"start":{"line":11,"column":40},"end":{"line":11,"column":84}},"4":{"start":{"line":12,"column":46},"end":{"line":12,"column":70}},"5":{"start":{"line":13,"column":57},"end":{"line":17,"column":5}},"6":{"start":{"line":18,"column":21},"end":{"line":22,"column":20}},"7":{"start":{"line":19,"column":8},"end":{"line":21,"column":9}},"8":{"start":{"line":19,"column":65},"end":{"line":19,"column":90}},"9":{"start":{"line":20,"column":61},"end":{"line":20,"column":86}},"10":{"start":{"line":24,"column":28},"end":{"line":26,"column":5}},"11":{"start":{"line":25,"column":8},"end":{"line":25,"column":51}},"12":{"start":{"line":25,"column":40},"end":{"line":25,"column":50}},"13":{"start":{"line":27,"column":27},"end":{"line":30,"column":5}},"14":{"start":{"line":28,"column":8},"end":{"line":28,"column":31}},"15":{"start":{"line":29,"column":8},"end":{"line":29,"column":37}},"16":{"start":{"line":32,"column":4},"end":{"line":37,"column":5}}},"fnMap":{"0":{"name":"(anonymous_0)","decl":{"start":{"line":8,"column":35},"end":{"line":8,"column":36}},"loc":{"start":{"line":8,"column":41},"end":{"line":38,"column":1}},"line":8},"1":{"name":"(anonymous_1)","decl":{"start":{"line":18,"column":29},"end":{"line":18,"column":30}},"loc":{"start":{"line":18,"column":35},"end":{"line":22,"column":5}},"line":18},"2":{"name":"(anonymous_2)","decl":{"start":{"line":19,"column":52},"end":{"line":19,"column":53}},"loc":{"start":{"line":19,"column":65},"end":{"line":19,"column":90}},"line":19},"3":{"name":"(anonymous_3)","decl":{"start":{"line":20,"column":48},"end":{"line":20,"column":49}},"loc":{"start":{"line":20,"column":61},"end":{"line":20,"column":86}},"line":20},"4":{"name":"(anonymous_4)","decl":{"start":{"line":24,"column":28},"end":{"line":24,"column":29}},"loc":{"start":{"line":24,"column":40},"end":{"line":26,"column":5}},"line":24},"5":{"name":"(anonymous_5)","decl":{"start":{"line":25,"column":25},"end":{"line":25,"column":26}},"loc":{"start":{"line":25,"column":40},"end":{"line":25,"column":50}},"line":25},"6":{"name":"(anonymous_6)","decl":{"start":{"line":27,"column":27},"end":{"line":27,"column":28}},"loc":{"start":{"line":27,"column":66},"end":{"line":30,"column":5}},"line":27}},"branchMap":{"0":{"loc":{"start":{"line":10,"column":28},"end":{"line":10,"column":89}},"type":"binary-expr","locations":[{"start":{"line":10,"column":28},"end":{"line":10,"column":62}},{"start":{"line":10,"column":66},"end":{"line":10,"column":89}}],"line":10}},"s":{"0":1,"1":3,"2":3,"3":3,"4":3,"5":3,"6":3,"7":2,"8":2,"9":2,"10":3,"11":0,"12":0,"13":3,"14":0,"15":0,"16":3},"f":{"0":3,"1":2,"2":2,"3":2,"4":0,"5":0,"6":0},"b":{"0":[3,0]},"_coverageSchema":"1a1c01bbd47fc00a2c39e90264f33305004495a9","hash":"6f72f8500275614e1751447a74168e3b1a9b95fe"}
,"E:\\Web\\Solopharma\\src\\share\\ui\\ButtonCustom\\index.ts": {"path":"E:\\Web\\Solopharma\\src\\share\\ui\\ButtonCustom\\index.ts","statementMap":{},"fnMap":{},"branchMap":{},"s":{},"f":{},"b":{},"_coverageSchema":"1a1c01bbd47fc00a2c39e90264f33305004495a9","hash":"0e09adfe35270d29bf2dd8461702176ded74959c"}
,"E:\\Web\\Solopharma\\src\\share\\ui\\ButtonCustom\\ui\\ButtonCustom.tsx": {"path":"E:\\Web\\Solopharma\\src\\share\\ui\\ButtonCustom\\ui\\ButtonCustom.tsx","statementMap":{"0":{"start":{"line":14,"column":57},"end":{"line":20,"column":1}},"1":{"start":{"line":15,"column":4},"end":{"line":19,"column":8}}},"fnMap":{"0":{"name":"(anonymous_0)","decl":{"start":{"line":14,"column":57},"end":{"line":14,"column":58}},"loc":{"start":{"line":14,"column":125},"end":{"line":20,"column":1}},"line":14}},"branchMap":{},"s":{"0":2,"1":4},"f":{"0":4},"b":{},"_coverageSchema":"1a1c01bbd47fc00a2c39e90264f33305004495a9","hash":"7b7442671e69e507b806a4b36e9f74745e4e570a"}
,"E:\\Web\\Solopharma\\src\\share\\ui\\LanguageIcon\\ui\\LanguageIcon.tsx": {"path":"E:\\Web\\Solopharma\\src\\share\\ui\\LanguageIcon\\ui\\LanguageIcon.tsx","statementMap":{"0":{"start":{"line":13,"column":57},"end":{"line":21,"column":1}},"1":{"start":{"line":14,"column":4},"end":{"line":20,"column":5}}},"fnMap":{"0":{"name":"(anonymous_0)","decl":{"start":{"line":13,"column":57},"end":{"line":13,"column":58}},"loc":{"start":{"line":13,"column":124},"end":{"line":21,"column":1}},"line":13}},"branchMap":{},"s":{"0":1,"1":3},"f":{"0":3},"b":{},"_coverageSchema":"1a1c01bbd47fc00a2c39e90264f33305004495a9","hash":"fdc377f8142712aec08a9991171eab5055852c47"}
,"E:\\Web\\Solopharma\\src\\share\\ui\\LinkCustom\\index.ts": {"path":"E:\\Web\\Solopharma\\src\\share\\ui\\LinkCustom\\index.ts","statementMap":{},"fnMap":{},"branchMap":{},"s":{},"f":{},"b":{},"_coverageSchema":"1a1c01bbd47fc00a2c39e90264f33305004495a9","hash":"aeffad17105513447607a57a9744f58fb59e73c8"}
,"E:\\Web\\Solopharma\\src\\share\\ui\\LinkCustom\\ui\\LinkCustom.tsx": {"path":"E:\\Web\\Solopharma\\src\\share\\ui\\LinkCustom\\ui\\LinkCustom.tsx","statementMap":{"0":{"start":{"line":15,"column":53},"end":{"line":22,"column":1}},"1":{"start":{"line":16,"column":4},"end":{"line":21,"column":8}}},"fnMap":{"0":{"name":"(anonymous_0)","decl":{"start":{"line":15,"column":53},"end":{"line":15,"column":54}},"loc":{"start":{"line":15,"column":108},"end":{"line":22,"column":1}},"line":15}},"branchMap":{},"s":{"0":1,"1":30},"f":{"0":30},"b":{},"_coverageSchema":"1a1c01bbd47fc00a2c39e90264f33305004495a9","hash":"fad8c6b3922e2a866911e26474685b303fd9bcbe"}
,"E:\\Web\\Solopharma\\src\\widgets\\NavBar\\index.ts": {"path":"E:\\Web\\Solopharma\\src\\widgets\\NavBar\\index.ts","statementMap":{},"fnMap":{},"branchMap":{},"s":{},"f":{},"b":{},"_coverageSchema":"1a1c01bbd47fc00a2c39e90264f33305004495a9","hash":"c1b688c34a1eb111453c7030374b24cc046fdc7c"}
,"E:\\Web\\Solopharma\\src\\widgets\\NavBar\\ui\\NavBar.tsx": {"path":"E:\\Web\\Solopharma\\src\\widgets\\NavBar\\ui\\NavBar.tsx","statementMap":{"0":{"start":{"line":15,"column":32},"end":{"line":37,"column":1}},"1":{"start":{"line":16,"column":30},"end":{"line":16,"column":54}},"2":{"start":{"line":17,"column":18},"end":{"line":17,"column":40}},"3":{"start":{"line":18,"column":4},"end":{"line":36,"column":8}},"4":{"start":{"line":23,"column":76},"end":{"line":23,"column":111}},"5":{"start":{"line":23,"column":100},"end":{"line":23,"column":110}}},"fnMap":{"0":{"name":"(anonymous_0)","decl":{"start":{"line":15,"column":32},"end":{"line":15,"column":33}},"loc":{"start":{"line":15,"column":38},"end":{"line":37,"column":1}},"line":15},"1":{"name":"(anonymous_1)","decl":{"start":{"line":23,"column":68},"end":{"line":23,"column":69}},"loc":{"start":{"line":23,"column":74},"end":{"line":23,"column":113}},"line":23},"2":{"name":"(anonymous_2)","decl":{"start":{"line":23,"column":85},"end":{"line":23,"column":86}},"loc":{"start":{"line":23,"column":100},"end":{"line":23,"column":110}},"line":23}},"branchMap":{},"s":{"0":1,"1":3,"2":3,"3":3,"4":1,"5":1},"f":{"0":3,"1":1,"2":1},"b":{},"_coverageSchema":"1a1c01bbd47fc00a2c39e90264f33305004495a9","hash":"e395732b9e411293cc198c119a5f38f2a1a07f14"}
}
